<?xml version="1.0" encoding="UTF-8"?>
<!-- Generated by org.testng.reporters.JUnitReportReporter -->
<testsuite hostname="DESKTOP-CII1ISC" failures="0" tests="1" name="main.ExcelTesting" time="0.700" errors="0" timestamp="2023-03-10T16:27:01 MSK" skipped="0">
  <testcase classname="main.ExcelTesting" name="DataReadTest" time="0.700"/>
  <system-out/>
</testsuite> <!-- main.ExcelTesting -->
