<?xml version="1.0" encoding="UTF-8"?>
<!-- Generated by org.testng.reporters.JUnitReportReporter -->
<testsuite hostname="DESKTOP-CII1ISC" failures="0" tests="1" name="tests.DBtest" time="0.045" errors="0" timestamp="2023-04-02T19:53:59 MSK" skipped="0">
  <testcase classname="tests.DBtest" name="tst" time="0.045"/>
  <system-out/>
</testsuite> <!-- tests.DBtest -->
